TN:
SF:/Users/zicrael/Soft/Projects/ngx-tree-dnd/projects/ngx-tree-dnd/src/test.ts
FNF:0
FNH:0
DA:3,1
DA:5,1
DA:6,1
DA:7,1
DA:15,1
DA:20,1
DA:22,1
LF:7
LH:7
BRF:0
BRH:0
end_of_record
TN:
SF:/Users/zicrael/Soft/Projects/ngx-tree-dnd/projects/ngx-tree-dnd/src/lib/ngx-tree-dnd.module.ts
FN:36,(anonymous_1)
FNF:1
FNH:1
FNDA:2,(anonymous_1)
DA:1,1
DA:2,1
DA:3,1
DA:4,1
DA:5,1
DA:6,1
DA:7,1
DA:8,1
DA:9,1
DA:10,1
DA:11,1
DA:13,1
DA:36,1
LF:13
LH:13
BRF:0
BRH:0
end_of_record
TN:
SF:/Users/zicrael/Soft/Projects/ngx-tree-dnd/projects/ngx-tree-dnd/src/lib/ngx-tree-dnd.service.ts
FN:13,(anonymous_2)
FN:35,NgxTreeService
FN:57,(anonymous_4)
FN:58,(anonymous_5)
FN:76,(anonymous_6)
FN:99,(anonymous_7)
FN:130,(anonymous_8)
FN:148,(anonymous_9)
FN:166,(anonymous_10)
FN:175,(anonymous_11)
FN:183,(anonymous_12)
FN:193,(anonymous_13)
FN:202,(anonymous_14)
FN:221,(anonymous_15)
FN:232,(anonymous_16)
FN:255,(anonymous_17)
FN:264,(anonymous_18)
FN:265,(anonymous_19)
FN:293,(anonymous_20)
FN:300,(anonymous_21)
FN:305,(anonymous_22)
FN:315,(anonymous_23)
FN:326,(anonymous_24)
FN:331,(anonymous_25)
FN:341,(anonymous_26)
FN:353,(anonymous_27)
FNF:26
FNH:1
FNDA:1,(anonymous_2)
FNDA:0,NgxTreeService
FNDA:0,(anonymous_4)
FNDA:0,(anonymous_5)
FNDA:0,(anonymous_6)
FNDA:0,(anonymous_7)
FNDA:0,(anonymous_8)
FNDA:0,(anonymous_9)
FNDA:0,(anonymous_10)
FNDA:0,(anonymous_11)
FNDA:0,(anonymous_12)
FNDA:0,(anonymous_13)
FNDA:0,(anonymous_14)
FNDA:0,(anonymous_15)
FNDA:0,(anonymous_16)
FNDA:0,(anonymous_17)
FNDA:0,(anonymous_18)
FNDA:0,(anonymous_19)
FNDA:0,(anonymous_20)
FNDA:0,(anonymous_21)
FNDA:0,(anonymous_22)
FNDA:0,(anonymous_23)
FNDA:0,(anonymous_24)
FNDA:0,(anonymous_25)
FNDA:0,(anonymous_26)
FNDA:0,(anonymous_27)
DA:6,1
DA:7,1
DA:13,1
DA:14,0
DA:22,0
DA:23,0
DA:24,0
DA:25,0
DA:26,0
DA:27,0
DA:28,0
DA:29,0
DA:30,0
DA:31,0
DA:32,0
DA:37,0
DA:57,1
DA:58,0
DA:59,0
DA:60,0
DA:61,0
DA:62,0
DA:64,0
DA:65,0
DA:68,0
DA:76,1
DA:77,0
DA:78,0
DA:79,0
DA:80,0
DA:81,0
DA:82,0
DA:84,0
DA:86,0
DA:87,0
DA:99,1
DA:100,0
DA:101,0
DA:102,0
DA:103,0
DA:104,0
DA:106,0
DA:115,0
DA:119,0
DA:120,0
DA:121,0
DA:122,0
DA:130,1
DA:131,0
DA:135,0
DA:136,0
DA:137,0
DA:138,0
DA:139,0
DA:140,0
DA:148,1
DA:149,0
DA:151,0
DA:156,0
DA:157,0
DA:158,0
DA:159,0
DA:166,1
DA:167,0
DA:168,0
DA:175,1
DA:176,0
DA:183,1
DA:184,0
DA:185,0
DA:186,0
DA:193,1
DA:194,0
DA:202,1
DA:203,0
DA:204,0
DA:205,0
DA:206,0
DA:207,0
DA:208,0
DA:210,0
DA:211,0
DA:213,0
DA:221,1
DA:222,0
DA:223,0
DA:232,1
DA:233,0
DA:234,0
DA:235,0
DA:236,0
DA:238,0
DA:240,0
DA:242,0
DA:243,0
DA:244,0
DA:245,0
DA:246,0
DA:247,0
DA:248,0
DA:249,0
DA:250,0
DA:252,0
DA:253,0
DA:254,0
DA:255,0
DA:256,0
DA:264,1
DA:265,0
DA:266,0
DA:267,0
DA:268,0
DA:270,0
DA:271,0
DA:272,0
DA:273,0
DA:274,0
DA:275,0
DA:276,0
DA:280,0
DA:281,0
DA:282,0
DA:286,0
DA:287,0
DA:288,0
DA:293,1
DA:294,0
DA:295,0
DA:296,0
DA:300,1
DA:301,0
DA:305,1
DA:306,0
DA:307,0
DA:308,0
DA:309,0
DA:315,1
DA:316,0
DA:317,0
DA:319,0
DA:320,0
DA:322,0
DA:326,1
DA:327,0
DA:328,0
DA:331,1
DA:332,0
DA:333,0
DA:334,0
DA:335,0
DA:336,0
DA:341,1
DA:342,0
DA:343,0
DA:344,0
DA:345,0
DA:347,0
DA:348,0
DA:353,1
DA:354,0
DA:355,0
DA:357,0
DA:358,0
DA:359,0
DA:364,1
LF:165
LH:25
BRDA:60,0,0,0
BRDA:60,0,1,0
BRDA:60,1,0,0
BRDA:60,1,1,0
BRDA:78,2,0,0
BRDA:78,2,1,0
BRDA:81,3,0,0
BRDA:81,3,1,0
BRDA:86,4,0,0
BRDA:86,4,1,0
BRDA:101,5,0,0
BRDA:101,5,1,0
BRDA:204,6,0,0
BRDA:204,6,1,0
BRDA:204,7,0,0
BRDA:204,7,1,0
BRDA:206,8,0,0
BRDA:206,8,1,0
BRDA:233,9,0,0
BRDA:233,9,1,0
BRDA:235,10,0,0
BRDA:235,10,1,0
BRDA:272,11,0,0
BRDA:272,11,1,0
BRDA:274,12,0,0
BRDA:274,12,1,0
BRDA:281,13,0,0
BRDA:281,13,1,0
BRDA:308,14,0,0
BRDA:308,14,1,0
BRDA:316,15,0,0
BRDA:316,15,1,0
BRDA:319,16,0,0
BRDA:319,16,1,0
BRDA:335,17,0,0
BRDA:335,17,1,0
BRDA:344,18,0,0
BRDA:344,18,1,0
BRDA:347,19,0,0
BRDA:347,19,1,0
BRDA:354,20,0,0
BRDA:354,20,1,0
BRDA:358,21,0,0
BRDA:358,21,1,0
BRDA:358,22,0,0
BRDA:358,22,1,0
BRF:46
BRH:0
end_of_record
TN:
SF:/Users/zicrael/Soft/Projects/ngx-tree-dnd/projects/ngx-tree-dnd/src/lib/directives/ngx-tree-dnd-autofocus.directive.ts
FN:11,(anonymous_2)
FN:13,AutoFocusDirective
FN:15,(anonymous_4)
FN:17,(anonymous_5)
FN:23,(anonymous_6)
FNF:5
FNH:1
FNDA:1,(anonymous_2)
FNDA:0,AutoFocusDirective
FNDA:0,(anonymous_4)
FNDA:0,(anonymous_5)
FNDA:0,(anonymous_6)
DA:6,1
DA:11,1
DA:12,0
DA:13,0
DA:15,1
DA:16,0
DA:17,0
DA:18,0
DA:23,2
DA:24,0
DA:26,1
LF:11
LH:5
BRDA:16,0,0,0
BRDA:16,0,1,0
BRF:2
BRH:0
end_of_record
TN:
SF:/Users/zicrael/Soft/Projects/ngx-tree-dnd/projects/ngx-tree-dnd/src/lib/directives/ngx-tree-dnd-drag.directive.ts
FN:13,(anonymous_2)
FN:14,DragElementsDirective
FN:19,(anonymous_4)
FN:29,(anonymous_5)
FN:49,(anonymous_6)
FN:63,(anonymous_7)
FNF:6
FNH:1
FNDA:1,(anonymous_2)
FNDA:0,DragElementsDirective
FNDA:0,(anonymous_4)
FNDA:0,(anonymous_5)
FNDA:0,(anonymous_6)
FNDA:0,(anonymous_7)
DA:6,1
DA:8,1
DA:13,1
DA:14,0
DA:15,1
DA:16,1
DA:19,2
DA:20,0
DA:29,2
DA:30,0
DA:34,0
DA:35,0
DA:36,0
DA:37,0
DA:39,0
DA:40,0
DA:49,2
DA:50,0
DA:54,0
DA:63,2
DA:64,0
DA:68,0
DA:69,0
DA:70,0
DA:71,0
DA:73,1
LF:26
LH:10
BRF:0
BRH:0
end_of_record
TN:
SF:/Users/zicrael/Soft/Projects/ngx-tree-dnd/projects/ngx-tree-dnd/src/lib/directives/ngx-tree-dnd-drop.directive.ts
FN:12,(anonymous_2)
FN:13,DropElementsDirective
FN:23,(anonymous_4)
FN:37,(anonymous_5)
FN:58,(anonymous_6)
FN:73,(anonymous_7)
FNF:6
FNH:1
FNDA:1,(anonymous_2)
FNDA:0,DropElementsDirective
FNDA:0,(anonymous_4)
FNDA:0,(anonymous_5)
FNDA:0,(anonymous_6)
FNDA:0,(anonymous_7)
DA:6,1
DA:8,1
DA:12,1
DA:13,0
DA:14,1
DA:15,1
DA:23,2
DA:24,0
DA:28,0
DA:29,0
DA:37,2
DA:38,0
DA:39,0
DA:43,0
DA:44,0
DA:45,0
DA:46,0
DA:48,0
DA:58,2
DA:59,0
DA:63,0
DA:73,2
DA:75,0
DA:80,0
DA:82,1
LF:25
LH:10
BRDA:45,0,0,0
BRDA:45,0,1,0
BRF:2
BRH:0
end_of_record
TN:
SF:/Users/zicrael/Soft/Projects/ngx-tree-dnd/projects/ngx-tree-dnd/src/lib/ngx-tree-dnd-children/ngx-tree-dnd-children.component.ts
FN:17,(anonymous_2)
FN:58,NgxTreeChildrenComponent
FN:28,(anonymous_4)
FN:61,(anonymous_5)
FN:63,(anonymous_6)
FN:77,(anonymous_7)
FN:84,(anonymous_8)
FN:89,(anonymous_9)
FN:103,(anonymous_10)
FN:115,(anonymous_11)
FN:130,(anonymous_12)
FN:143,(anonymous_13)
FNF:12
FNH:1
FNDA:1,(anonymous_2)
FNDA:0,NgxTreeChildrenComponent
FNDA:0,(anonymous_4)
FNDA:0,(anonymous_5)
FNDA:0,(anonymous_6)
FNDA:0,(anonymous_7)
FNDA:0,(anonymous_8)
FNDA:0,(anonymous_9)
FNDA:0,(anonymous_10)
FNDA:0,(anonymous_11)
FNDA:0,(anonymous_12)
FNDA:0,(anonymous_13)
DA:7,1
DA:8,1
DA:10,1
DA:17,1
DA:28,2
DA:29,0
DA:30,0
DA:45,0
DA:46,0
DA:47,0
DA:49,0
DA:53,0
DA:55,0
DA:58,0
DA:61,1
DA:62,0
DA:64,0
DA:65,0
DA:67,0
DA:69,0
DA:70,0
DA:77,1
DA:78,0
DA:79,0
DA:84,1
DA:85,0
DA:89,1
DA:90,0
DA:103,1
DA:104,0
DA:105,0
DA:106,0
DA:107,0
DA:115,1
DA:116,0
DA:117,0
DA:118,0
DA:119,0
DA:121,0
DA:130,1
DA:131,0
DA:132,0
DA:134,0
DA:135,0
DA:137,0
DA:143,1
DA:144,1
LF:47
LH:14
BRDA:45,0,0,0
BRDA:45,0,1,0
BRDA:64,1,0,0
BRDA:64,1,1,0
BRDA:69,2,0,0
BRDA:69,2,1,0
BRDA:91,3,0,0
BRDA:91,3,1,0
BRDA:116,4,0,0
BRDA:116,4,1,0
BRDA:131,5,0,0
BRDA:131,5,1,0
BRDA:134,6,0,0
BRDA:134,6,1,0
BRF:14
BRH:0
end_of_record
TN:
SF:/Users/zicrael/Soft/Projects/ngx-tree-dnd/projects/ngx-tree-dnd/src/lib/ngx-tree-dnd-parent/ngx-tree-dnd-parent.component.ts
FN:15,(anonymous_2)
FN:62,NgxTreeParentComponent
FN:42,(anonymous_4)
FN:57,(anonymous_5)
FN:67,(anonymous_6)
FN:73,(anonymous_7)
FN:78,(anonymous_8)
FN:80,(anonymous_9)
FN:85,(anonymous_10)
FN:90,(anonymous_11)
FN:95,(anonymous_12)
FN:100,(anonymous_13)
FN:105,(anonymous_14)
FN:110,(anonymous_15)
FN:115,(anonymous_16)
FN:120,(anonymous_17)
FN:127,(anonymous_18)
FN:129,(anonymous_19)
FN:131,(anonymous_20)
FN:134,(anonymous_21)
FN:140,(anonymous_22)
FNF:21
FNH:1
FNDA:1,(anonymous_2)
FNDA:0,NgxTreeParentComponent
FNDA:0,(anonymous_4)
FNDA:0,(anonymous_5)
FNDA:0,(anonymous_6)
FNDA:0,(anonymous_7)
FNDA:0,(anonymous_8)
FNDA:0,(anonymous_9)
FNDA:0,(anonymous_10)
FNDA:0,(anonymous_11)
FNDA:0,(anonymous_12)
FNDA:0,(anonymous_13)
FNDA:0,(anonymous_14)
FNDA:0,(anonymous_15)
FNDA:0,(anonymous_16)
FNDA:0,(anonymous_17)
FNDA:0,(anonymous_18)
FNDA:0,(anonymous_19)
FNDA:0,(anonymous_20)
FNDA:0,(anonymous_21)
FNDA:0,(anonymous_22)
DA:6,1
DA:8,1
DA:15,1
DA:17,0
DA:31,1
DA:32,1
DA:33,1
DA:34,1
DA:35,1
DA:36,1
DA:37,1
DA:38,1
DA:39,1
DA:42,2
DA:44,0
DA:45,0
DA:47,0
DA:48,0
DA:51,0
DA:52,0
DA:57,2
DA:59,0
DA:62,0
DA:63,0
DA:67,1
DA:68,0
DA:69,0
DA:73,1
DA:74,0
DA:78,1
DA:79,0
DA:81,0
DA:84,0
DA:86,0
DA:89,0
DA:91,0
DA:94,0
DA:96,0
DA:99,0
DA:101,0
DA:104,0
DA:106,0
DA:109,0
DA:111,0
DA:114,0
DA:116,0
DA:119,0
DA:121,0
DA:127,1
DA:128,0
DA:130,0
DA:131,0
DA:132,0
DA:135,0
DA:140,1
DA:141,1
LF:56
LH:20
BRF:0
BRH:0
end_of_record
TN:
SF:/Users/zicrael/Soft/Projects/ngx-tree-dnd/src/polyfills.ts
FNF:0
FNH:0
DA:22,1
DA:23,1
DA:24,1
DA:25,1
DA:26,1
DA:27,1
DA:28,1
DA:29,1
DA:30,1
DA:31,1
DA:32,1
DA:33,1
DA:34,1
DA:35,1
DA:46,1
DA:74,1
LF:16
LH:16
BRF:0
BRH:0
end_of_record
